# JRE version: Java(TM) SE Runtime Environment 18.9 (11.0.17+10) (build 11.0.17+10-LTS-269)
# Java VM: Java HotSpot(TM) 64-Bit Server VM 18.9 (11.0.17+10-LTS-269, mixed mode, tiered, compressed oops, g1 gc, windows-amd64)
Heap:
 garbage-first heap   total 262144K, used 54794K [0x0000000080000000, 0x0000000100000000)
  region size 1024K, 52 young (53248K), 7 survivors (7168K)
 Metaspace       used 25354K, capacity 26254K, committed 26496K, reserved 1073152K
  class space    used 2781K, capacity 3151K, committed 3200K, reserved 1048576K
GC Heap History (8 events):
Event: 1.049 GC heap before
{Heap before GC invocations=0 (full 0):
 garbage-first heap   total 262144K, used 13312K [0x0000000080000000, 0x0000000100000000)
  region size 1024K, 14 young (14336K), 0 survivors (0K)
 Metaspace       used 11290K, capacity 11485K, committed 11776K, reserved 1060864K
  class space    used 1078K, capacity 1157K, committed 1280K, reserved 1048576K
}
Event: 1.055 GC heap after
{Heap after GC invocations=1 (full 0):
 garbage-first heap   total 262144K, used 3931K [0x0000000080000000, 0x0000000100000000)
  region size 1024K, 2 young (2048K), 2 survivors (2048K)
 Metaspace       used 11290K, capacity 11485K, committed 11776K, reserved 1060864K
  class space    used 1078K, capacity 1157K, committed 1280K, reserved 1048576K
}
Event: 1.351 GC heap before
{Heap before GC invocations=1 (full 0):
 garbage-first heap   total 262144K, used 13147K [0x0000000080000000, 0x0000000100000000)
  region size 1024K, 12 young (12288K), 2 survivors (2048K)
 Metaspace       used 13652K, capacity 14025K, committed 14336K, reserved 1062912K
  class space    used 1298K, capacity 1450K, committed 1536K, reserved 1048576K
}
Event: 1.359 GC heap after
{Heap after GC invocations=2 (full 0):
 garbage-first heap   total 262144K, used 5886K [0x0000000080000000, 0x0000000100000000)
  region size 1024K, 2 young (2048K), 2 survivors (2048K)
 Metaspace       used 13652K, capacity 14025K, committed 14336K, reserved 1062912K
  class space    used 1298K, capacity 1450K, committed 1536K, reserved 1048576K
}
Event: 2.473 GC heap before
{Heap before GC invocations=2 (full 0):
 garbage-first heap   total 262144K, used 34558K [0x0000000080000000, 0x0000000100000000)
  region size 1024K, 28 young (28672K), 2 survivors (2048K)
 Metaspace       used 17142K, capacity 17525K, committed 17792K, reserved 1064960K
  class space    used 1655K, capacity 1793K, committed 1920K, reserved 1048576K
}
Event: 2.485 GC heap after
{Heap after GC invocations=3 (full 0):
 garbage-first heap   total 262144K, used 8138K [0x0000000080000000, 0x0000000100000000)
  region size 1024K, 4 young (4096K), 4 survivors (4096K)
 Metaspace       used 17142K, capacity 17525K, committed 17792K, reserved 1064960K
  class space    used 1655K, capacity 1793K, committed 1920K, reserved 1048576K
}
Event: 3.114 GC heap before
{Heap before GC invocations=3 (full 0):
 garbage-first heap   total 262144K, used 31690K [0x0000000080000000, 0x0000000100000000)
  region size 1024K, 28 young (28672K), 4 survivors (4096K)
 Metaspace       used 20635K, capacity 21177K, committed 21296K, reserved 1069056K
  class space    used 2192K, capacity 2415K, committed 2432K, reserved 1048576K
}
Event: 3.125 GC heap after
{Heap after GC invocations=4 (full 0):
 garbage-first heap   total 262144K, used 10762K [0x0000000080000000, 0x0000000100000000)
  region size 1024K, 7 young (7168K), 7 survivors (7168K)
 Metaspace       used 20635K, capacity 21177K, committed 21296K, reserved 1069056K
  class space    used 2192K, capacity 2415K, committed 2432K, reserved 1048576K
}

